  [1m[35m (177.1ms)[0m  [1m[35mCREATE DATABASE "ToDoList_development" ENCODING = 'unicode'[0m
  ↳ bin/rails:9
  [1m[35m (90.6ms)[0m  [1m[35mCREATE DATABASE "ToDoList_test" ENCODING = 'unicode'[0m
  ↳ bin/rails:9
  [1m[35m (17.3ms)[0m  [1m[35mCREATE TABLE "schema_migrations" ("version" character varying NOT NULL PRIMARY KEY)[0m
  ↳ bin/rails:9
  [1m[35m (2.7ms)[0m  [1m[35mCREATE TABLE "ar_internal_metadata" ("key" character varying NOT NULL PRIMARY KEY, "value" character varying, "created_at" timestamp NOT NULL, "updated_at" timestamp NOT NULL)[0m
  ↳ bin/rails:9
  [1m[35m (0.2ms)[0m  [1m[34mSELECT pg_try_advisory_lock(438459397077336285)[0m
  ↳ bin/rails:9
  [1m[35m (0.5ms)[0m  [1m[34mSELECT "schema_migrations"."version" FROM "schema_migrations" ORDER BY "schema_migrations"."version" ASC[0m
  ↳ bin/rails:9
Migrating to CreateToDos (20210503181517)
  [1m[35m (0.1ms)[0m  [1m[35mBEGIN[0m
  ↳ bin/rails:9
  [1m[35m (8.6ms)[0m  [1m[35mCREATE TABLE "to_dos" ("id" bigserial primary key, "title" character varying NOT NULL, "body" character varying NOT NULL, "done" boolean NOT NULL, "created_at" timestamp NOT NULL, "updated_at" timestamp NOT NULL)[0m
  ↳ db/migrate/20210503181517_create_to_dos.rb:3
  [1m[35m (1.0ms)[0m  [1m[35mCREATE  INDEX  "index_to_dos_on_title" ON "to_dos"  ("title")[0m
  ↳ db/migrate/20210503181517_create_to_dos.rb:9
  [1m[36mActiveRecord::SchemaMigration Create (0.9ms)[0m  [1m[32mINSERT INTO "schema_migrations" ("version") VALUES ($1) RETURNING "version"[0m  [["version", "20210503181517"]]
  ↳ bin/rails:9
  [1m[35m (0.5ms)[0m  [1m[35mCOMMIT[0m
  ↳ bin/rails:9
  [1m[36mActiveRecord::InternalMetadata Load (0.3ms)[0m  [1m[34mSELECT  "ar_internal_metadata".* FROM "ar_internal_metadata" WHERE "ar_internal_metadata"."key" = $1 LIMIT $2[0m  [["key", "environment"], ["LIMIT", 1]]
  ↳ bin/rails:9
  [1m[35m (0.1ms)[0m  [1m[35mBEGIN[0m
  ↳ bin/rails:9
  [1m[36mActiveRecord::InternalMetadata Create (0.5ms)[0m  [1m[32mINSERT INTO "ar_internal_metadata" ("key", "value", "created_at", "updated_at") VALUES ($1, $2, $3, $4) RETURNING "key"[0m  [["key", "environment"], ["value", "development"], ["created_at", "2021-05-03 18:17:22.092927"], ["updated_at", "2021-05-03 18:17:22.092927"]]
  ↳ bin/rails:9
  [1m[35m (0.3ms)[0m  [1m[35mCOMMIT[0m
  ↳ bin/rails:9
  [1m[35m (0.2ms)[0m  [1m[34mSELECT pg_advisory_unlock(438459397077336285)[0m
  ↳ bin/rails:9
  [1m[35m (0.2ms)[0m  [1m[34mSELECT "schema_migrations"."version" FROM "schema_migrations" ORDER BY "schema_migrations"."version" ASC[0m
  ↳ bin/rails:9
  [1m[36mToDo Load (1.7ms)[0m  [1m[34mSELECT "to_dos".* FROM "to_dos"[0m
  [1m[35m (0.2ms)[0m  [1m[35mBEGIN[0m
  [1m[36mToDo Create (0.8ms)[0m  [1m[32mINSERT INTO "to_dos" ("title", "body", "done", "created_at", "updated_at") VALUES ($1, $2, $3, $4, $5) RETURNING "id"[0m  [["title", "shopping"], ["body", "going shopping"], ["done", false], ["created_at", "2021-05-03 18:24:31.760258"], ["updated_at", "2021-05-03 18:24:31.760258"]]
  [1m[35m (0.8ms)[0m  [1m[35mCOMMIT[0m
  [1m[36mToDo Load (0.3ms)[0m  [1m[34mSELECT "to_dos".* FROM "to_dos"[0m
  [1m[35m (0.5ms)[0m  [1m[35mBEGIN[0m
  [1m[36mToDo Create (1.3ms)[0m  [1m[32mINSERT INTO "to_dos" ("title", "body", "done", "created_at", "updated_at") VALUES ($1, $2, $3, $4, $5) RETURNING "id"[0m  [["title", "pass AppAcademy"], ["body", "need to finish fullstack"], ["done", false], ["created_at", "2021-05-03 18:25:38.473292"], ["updated_at", "2021-05-03 18:25:38.473292"]]
  [1m[35m (1.6ms)[0m  [1m[35mCOMMIT[0m
  [1m[35m (0.2ms)[0m  [1m[35mBEGIN[0m
  [1m[36mToDo Create (0.3ms)[0m  [1m[32mINSERT INTO "to_dos" ("title", "body", "done", "created_at", "updated_at") VALUES ($1, $2, $3, $4, $5) RETURNING "id"[0m  [["title", "Get lunch"], ["body", "need some pizza"], ["done", false], ["created_at", "2021-05-03 18:26:24.125309"], ["updated_at", "2021-05-03 18:26:24.125309"]]
  [1m[35m (0.6ms)[0m  [1m[35mCOMMIT[0m
  [1m[36mToDo Load (0.6ms)[0m  [1m[34mSELECT "to_dos".* FROM "to_dos"[0m
